

Started GET "/" for 127.0.0.1 at 2015-04-25 13:59:28 -0700

Mysql2::Error (Can't connect to local MySQL server through socket '/tmp/mysql.sock' (2)):
  mysql2 (0.3.18) lib/mysql2/client.rb:70:in `connect'
  mysql2 (0.3.18) lib/mysql2/client.rb:70:in `initialize'
  activerecord (4.2.1) lib/active_record/connection_adapters/mysql2_adapter.rb:18:in `new'
  activerecord (4.2.1) lib/active_record/connection_adapters/mysql2_adapter.rb:18:in `mysql2_connection'
  activerecord (4.2.1) lib/active_record/connection_adapters/abstract/connection_pool.rb:438:in `new_connection'
  activerecord (4.2.1) lib/active_record/connection_adapters/abstract/connection_pool.rb:448:in `checkout_new_connection'
  activerecord (4.2.1) lib/active_record/connection_adapters/abstract/connection_pool.rb:422:in `acquire_connection'
  activerecord (4.2.1) lib/active_record/connection_adapters/abstract/connection_pool.rb:349:in `block in checkout'
  /Users/Artem/.rvm/rubies/ruby-2.1.5/lib/ruby/2.1.0/monitor.rb:211:in `mon_synchronize'
  activerecord (4.2.1) lib/active_record/connection_adapters/abstract/connection_pool.rb:348:in `checkout'
  activerecord (4.2.1) lib/active_record/connection_adapters/abstract/connection_pool.rb:263:in `block in connection'
  /Users/Artem/.rvm/rubies/ruby-2.1.5/lib/ruby/2.1.0/monitor.rb:211:in `mon_synchronize'
  activerecord (4.2.1) lib/active_record/connection_adapters/abstract/connection_pool.rb:262:in `connection'
  activerecord (4.2.1) lib/active_record/connection_adapters/abstract/connection_pool.rb:567:in `retrieve_connection'
  activerecord (4.2.1) lib/active_record/connection_handling.rb:113:in `retrieve_connection'
  activerecord (4.2.1) lib/active_record/connection_handling.rb:87:in `connection'
  activerecord (4.2.1) lib/active_record/migration.rb:384:in `connection'
  activerecord (4.2.1) lib/active_record/migration.rb:371:in `call'
  actionpack (4.2.1) lib/action_dispatch/middleware/callbacks.rb:29:in `block in call'
  activesupport (4.2.1) lib/active_support/callbacks.rb:88:in `call'
  activesupport (4.2.1) lib/active_support/callbacks.rb:88:in `_run_callbacks'
  activesupport (4.2.1) lib/active_support/callbacks.rb:776:in `_run_call_callbacks'
  activesupport (4.2.1) lib/active_support/callbacks.rb:81:in `run_callbacks'
  actionpack (4.2.1) lib/action_dispatch/middleware/callbacks.rb:27:in `call'
  actionpack (4.2.1) lib/action_dispatch/middleware/reloader.rb:73:in `call'
  actionpack (4.2.1) lib/action_dispatch/middleware/remote_ip.rb:78:in `call'
  actionpack (4.2.1) lib/action_dispatch/middleware/debug_exceptions.rb:17:in `call'
  web-console (2.1.2) lib/web_console/middleware.rb:37:in `call'
  actionpack (4.2.1) lib/action_dispatch/middleware/show_exceptions.rb:30:in `call'
  railties (4.2.1) lib/rails/rack/logger.rb:38:in `call_app'
  railties (4.2.1) lib/rails/rack/logger.rb:20:in `block in call'
  activesupport (4.2.1) lib/active_support/tagged_logging.rb:68:in `block in tagged'
  activesupport (4.2.1) lib/active_support/tagged_logging.rb:26:in `tagged'
  activesupport (4.2.1) lib/active_support/tagged_logging.rb:68:in `tagged'
  railties (4.2.1) lib/rails/rack/logger.rb:20:in `call'
  actionpack (4.2.1) lib/action_dispatch/middleware/request_id.rb:21:in `call'
  rack (1.6.0) lib/rack/methodoverride.rb:22:in `call'
  rack (1.6.0) lib/rack/runtime.rb:18:in `call'
  activesupport (4.2.1) lib/active_support/cache/strategy/local_cache_middleware.rb:28:in `call'
  rack (1.6.0) lib/rack/lock.rb:17:in `call'
  actionpack (4.2.1) lib/action_dispatch/middleware/static.rb:113:in `call'
  rack (1.6.0) lib/rack/sendfile.rb:113:in `call'
  railties (4.2.1) lib/rails/engine.rb:518:in `call'
  railties (4.2.1) lib/rails/application.rb:164:in `call'
  rack (1.6.0) lib/rack/lock.rb:17:in `call'
  rack (1.6.0) lib/rack/content_length.rb:15:in `call'
  rack (1.6.0) lib/rack/handler/webrick.rb:89:in `service'
  /Users/Artem/.rvm/rubies/ruby-2.1.5/lib/ruby/2.1.0/webrick/httpserver.rb:138:in `service'
  /Users/Artem/.rvm/rubies/ruby-2.1.5/lib/ruby/2.1.0/webrick/httpserver.rb:94:in `run'
  /Users/Artem/.rvm/rubies/ruby-2.1.5/lib/ruby/2.1.0/webrick/server.rb:295:in `block in start_thread'


  Rendered /Users/Artem/.rvm/gems/ruby-2.1.5/gems/actionpack-4.2.1/lib/action_dispatch/middleware/templates/rescues/_source.erb (5.3ms)
  Rendered /Users/Artem/.rvm/gems/ruby-2.1.5/gems/actionpack-4.2.1/lib/action_dispatch/middleware/templates/rescues/_trace.html.erb (2.7ms)
  Rendered /Users/Artem/.rvm/gems/ruby-2.1.5/gems/actionpack-4.2.1/lib/action_dispatch/middleware/templates/rescues/_request_and_response.html.erb (1.7ms)
  Rendered /Users/Artem/.rvm/gems/ruby-2.1.5/gems/actionpack-4.2.1/lib/action_dispatch/middleware/templates/rescues/diagnostics.html.erb within rescues/layout (32.4ms)
  Rendered /Users/Artem/.rvm/gems/ruby-2.1.5/gems/web-console-2.1.2/lib/web_console/templates/_markup.html.erb (0.5ms)
  Rendered /Users/Artem/.rvm/gems/ruby-2.1.5/gems/web-console-2.1.2/lib/web_console/templates/style.css.erb within layouts/inlined_string (0.3ms)
  Rendered /Users/Artem/.rvm/gems/ruby-2.1.5/gems/web-console-2.1.2/lib/web_console/templates/_inner_console_markup.html.erb within layouts/inlined_string (0.4ms)
  Rendered /Users/Artem/.rvm/gems/ruby-2.1.5/gems/web-console-2.1.2/lib/web_console/templates/_prompt_box_markup.html.erb within layouts/inlined_string (0.4ms)
  Rendered /Users/Artem/.rvm/gems/ruby-2.1.5/gems/web-console-2.1.2/lib/web_console/templates/console.js.erb within layouts/javascript (21.2ms)
  Rendered /Users/Artem/.rvm/gems/ruby-2.1.5/gems/web-console-2.1.2/lib/web_console/templates/main.js.erb within layouts/javascript (0.4ms)
  Rendered /Users/Artem/.rvm/gems/ruby-2.1.5/gems/web-console-2.1.2/lib/web_console/templates/error_page.js.erb within layouts/javascript (0.6ms)
  Rendered /Users/Artem/.rvm/gems/ruby-2.1.5/gems/web-console-2.1.2/lib/web_console/templates/index.html.erb (48.9ms)


Started GET "/" for 127.0.0.1 at 2015-04-25 14:01:27 -0700

ActiveRecord::NoDatabaseError (Unknown database 'qennel_development'):
  activerecord (4.2.1) lib/active_record/connection_adapters/mysql2_adapter.rb:23:in `rescue in mysql2_connection'
  activerecord (4.2.1) lib/active_record/connection_adapters/mysql2_adapter.rb:10:in `mysql2_connection'
  activerecord (4.2.1) lib/active_record/connection_adapters/abstract/connection_pool.rb:438:in `new_connection'
  activerecord (4.2.1) lib/active_record/connection_adapters/abstract/connection_pool.rb:448:in `checkout_new_connection'
  activerecord (4.2.1) lib/active_record/connection_adapters/abstract/connection_pool.rb:422:in `acquire_connection'
  activerecord (4.2.1) lib/active_record/connection_adapters/abstract/connection_pool.rb:349:in `block in checkout'
  /Users/Artem/.rvm/rubies/ruby-2.1.5/lib/ruby/2.1.0/monitor.rb:211:in `mon_synchronize'
  activerecord (4.2.1) lib/active_record/connection_adapters/abstract/connection_pool.rb:348:in `checkout'
  activerecord (4.2.1) lib/active_record/connection_adapters/abstract/connection_pool.rb:263:in `block in connection'
  /Users/Artem/.rvm/rubies/ruby-2.1.5/lib/ruby/2.1.0/monitor.rb:211:in `mon_synchronize'
  activerecord (4.2.1) lib/active_record/connection_adapters/abstract/connection_pool.rb:262:in `connection'
  activerecord (4.2.1) lib/active_record/connection_adapters/abstract/connection_pool.rb:567:in `retrieve_connection'
  activerecord (4.2.1) lib/active_record/connection_handling.rb:113:in `retrieve_connection'
  activerecord (4.2.1) lib/active_record/connection_handling.rb:87:in `connection'
  activerecord (4.2.1) lib/active_record/migration.rb:384:in `connection'
  activerecord (4.2.1) lib/active_record/migration.rb:371:in `call'
  actionpack (4.2.1) lib/action_dispatch/middleware/callbacks.rb:29:in `block in call'
  activesupport (4.2.1) lib/active_support/callbacks.rb:88:in `call'
  activesupport (4.2.1) lib/active_support/callbacks.rb:88:in `_run_callbacks'
  activesupport (4.2.1) lib/active_support/callbacks.rb:776:in `_run_call_callbacks'
  activesupport (4.2.1) lib/active_support/callbacks.rb:81:in `run_callbacks'
  actionpack (4.2.1) lib/action_dispatch/middleware/callbacks.rb:27:in `call'
  actionpack (4.2.1) lib/action_dispatch/middleware/reloader.rb:73:in `call'
  actionpack (4.2.1) lib/action_dispatch/middleware/remote_ip.rb:78:in `call'
  actionpack (4.2.1) lib/action_dispatch/middleware/debug_exceptions.rb:17:in `call'
  web-console (2.1.2) lib/web_console/middleware.rb:37:in `call'
  actionpack (4.2.1) lib/action_dispatch/middleware/show_exceptions.rb:30:in `call'
  railties (4.2.1) lib/rails/rack/logger.rb:38:in `call_app'
  railties (4.2.1) lib/rails/rack/logger.rb:20:in `block in call'
  activesupport (4.2.1) lib/active_support/tagged_logging.rb:68:in `block in tagged'
  activesupport (4.2.1) lib/active_support/tagged_logging.rb:26:in `tagged'
  activesupport (4.2.1) lib/active_support/tagged_logging.rb:68:in `tagged'
  railties (4.2.1) lib/rails/rack/logger.rb:20:in `call'
  actionpack (4.2.1) lib/action_dispatch/middleware/request_id.rb:21:in `call'
  rack (1.6.0) lib/rack/methodoverride.rb:22:in `call'
  rack (1.6.0) lib/rack/runtime.rb:18:in `call'
  activesupport (4.2.1) lib/active_support/cache/strategy/local_cache_middleware.rb:28:in `call'
  rack (1.6.0) lib/rack/lock.rb:17:in `call'
  actionpack (4.2.1) lib/action_dispatch/middleware/static.rb:113:in `call'
  rack (1.6.0) lib/rack/sendfile.rb:113:in `call'
  railties (4.2.1) lib/rails/engine.rb:518:in `call'
  railties (4.2.1) lib/rails/application.rb:164:in `call'
  rack (1.6.0) lib/rack/lock.rb:17:in `call'
  rack (1.6.0) lib/rack/content_length.rb:15:in `call'
  rack (1.6.0) lib/rack/handler/webrick.rb:89:in `service'
  /Users/Artem/.rvm/rubies/ruby-2.1.5/lib/ruby/2.1.0/webrick/httpserver.rb:138:in `service'
  /Users/Artem/.rvm/rubies/ruby-2.1.5/lib/ruby/2.1.0/webrick/httpserver.rb:94:in `run'
  /Users/Artem/.rvm/rubies/ruby-2.1.5/lib/ruby/2.1.0/webrick/server.rb:295:in `block in start_thread'


  Rendered /Users/Artem/.rvm/gems/ruby-2.1.5/gems/actionpack-4.2.1/lib/action_dispatch/middleware/templates/rescues/_source.erb (5.7ms)
  Rendered /Users/Artem/.rvm/gems/ruby-2.1.5/gems/actionpack-4.2.1/lib/action_dispatch/middleware/templates/rescues/_trace.html.erb (2.8ms)
  Rendered /Users/Artem/.rvm/gems/ruby-2.1.5/gems/actionpack-4.2.1/lib/action_dispatch/middleware/templates/rescues/_request_and_response.html.erb (1.6ms)
  Rendered /Users/Artem/.rvm/gems/ruby-2.1.5/gems/actionpack-4.2.1/lib/action_dispatch/middleware/templates/rescues/diagnostics.html.erb within rescues/layout (27.6ms)
  Rendered /Users/Artem/.rvm/gems/ruby-2.1.5/gems/web-console-2.1.2/lib/web_console/templates/_markup.html.erb (0.7ms)
  Rendered /Users/Artem/.rvm/gems/ruby-2.1.5/gems/web-console-2.1.2/lib/web_console/templates/style.css.erb within layouts/inlined_string (0.5ms)
  Rendered /Users/Artem/.rvm/gems/ruby-2.1.5/gems/web-console-2.1.2/lib/web_console/templates/_inner_console_markup.html.erb within layouts/inlined_string (0.4ms)
  Rendered /Users/Artem/.rvm/gems/ruby-2.1.5/gems/web-console-2.1.2/lib/web_console/templates/_prompt_box_markup.html.erb within layouts/inlined_string (0.5ms)
  Rendered /Users/Artem/.rvm/gems/ruby-2.1.5/gems/web-console-2.1.2/lib/web_console/templates/console.js.erb within layouts/javascript (21.0ms)
  Rendered /Users/Artem/.rvm/gems/ruby-2.1.5/gems/web-console-2.1.2/lib/web_console/templates/main.js.erb within layouts/javascript (0.5ms)
  Rendered /Users/Artem/.rvm/gems/ruby-2.1.5/gems/web-console-2.1.2/lib/web_console/templates/error_page.js.erb within layouts/javascript (0.6ms)
  Rendered /Users/Artem/.rvm/gems/ruby-2.1.5/gems/web-console-2.1.2/lib/web_console/templates/index.html.erb (43.8ms)


Started GET "/" for 127.0.0.1 at 2015-04-25 14:05:33 -0700

ActiveRecord::NoDatabaseError (Unknown database 'qennel_development'):
  activerecord (4.2.1) lib/active_record/connection_adapters/mysql2_adapter.rb:23:in `rescue in mysql2_connection'
  activerecord (4.2.1) lib/active_record/connection_adapters/mysql2_adapter.rb:10:in `mysql2_connection'
  activerecord (4.2.1) lib/active_record/connection_adapters/abstract/connection_pool.rb:438:in `new_connection'
  activerecord (4.2.1) lib/active_record/connection_adapters/abstract/connection_pool.rb:448:in `checkout_new_connection'
  activerecord (4.2.1) lib/active_record/connection_adapters/abstract/connection_pool.rb:422:in `acquire_connection'
  activerecord (4.2.1) lib/active_record/connection_adapters/abstract/connection_pool.rb:349:in `block in checkout'
  /Users/Artem/.rvm/rubies/ruby-2.1.5/lib/ruby/2.1.0/monitor.rb:211:in `mon_synchronize'
  activerecord (4.2.1) lib/active_record/connection_adapters/abstract/connection_pool.rb:348:in `checkout'
  activerecord (4.2.1) lib/active_record/connection_adapters/abstract/connection_pool.rb:263:in `block in connection'
  /Users/Artem/.rvm/rubies/ruby-2.1.5/lib/ruby/2.1.0/monitor.rb:211:in `mon_synchronize'
  activerecord (4.2.1) lib/active_record/connection_adapters/abstract/connection_pool.rb:262:in `connection'
  activerecord (4.2.1) lib/active_record/connection_adapters/abstract/connection_pool.rb:567:in `retrieve_connection'
  activerecord (4.2.1) lib/active_record/connection_handling.rb:113:in `retrieve_connection'
  activerecord (4.2.1) lib/active_record/connection_handling.rb:87:in `connection'
  activerecord (4.2.1) lib/active_record/migration.rb:384:in `connection'
  activerecord (4.2.1) lib/active_record/migration.rb:371:in `call'
  actionpack (4.2.1) lib/action_dispatch/middleware/callbacks.rb:29:in `block in call'
  activesupport (4.2.1) lib/active_support/callbacks.rb:88:in `call'
  activesupport (4.2.1) lib/active_support/callbacks.rb:88:in `_run_callbacks'
  activesupport (4.2.1) lib/active_support/callbacks.rb:776:in `_run_call_callbacks'
  activesupport (4.2.1) lib/active_support/callbacks.rb:81:in `run_callbacks'
  actionpack (4.2.1) lib/action_dispatch/middleware/callbacks.rb:27:in `call'
  actionpack (4.2.1) lib/action_dispatch/middleware/reloader.rb:73:in `call'
  actionpack (4.2.1) lib/action_dispatch/middleware/remote_ip.rb:78:in `call'
  actionpack (4.2.1) lib/action_dispatch/middleware/debug_exceptions.rb:17:in `call'
  web-console (2.1.2) lib/web_console/middleware.rb:37:in `call'
  actionpack (4.2.1) lib/action_dispatch/middleware/show_exceptions.rb:30:in `call'
  railties (4.2.1) lib/rails/rack/logger.rb:38:in `call_app'
  railties (4.2.1) lib/rails/rack/logger.rb:20:in `block in call'
  activesupport (4.2.1) lib/active_support/tagged_logging.rb:68:in `block in tagged'
  activesupport (4.2.1) lib/active_support/tagged_logging.rb:26:in `tagged'
  activesupport (4.2.1) lib/active_support/tagged_logging.rb:68:in `tagged'
  railties (4.2.1) lib/rails/rack/logger.rb:20:in `call'
  actionpack (4.2.1) lib/action_dispatch/middleware/request_id.rb:21:in `call'
  rack (1.6.0) lib/rack/methodoverride.rb:22:in `call'
  rack (1.6.0) lib/rack/runtime.rb:18:in `call'
  activesupport (4.2.1) lib/active_support/cache/strategy/local_cache_middleware.rb:28:in `call'
  rack (1.6.0) lib/rack/lock.rb:17:in `call'
  actionpack (4.2.1) lib/action_dispatch/middleware/static.rb:113:in `call'
  rack (1.6.0) lib/rack/sendfile.rb:113:in `call'
  railties (4.2.1) lib/rails/engine.rb:518:in `call'
  railties (4.2.1) lib/rails/application.rb:164:in `call'
  rack (1.6.0) lib/rack/lock.rb:17:in `call'
  rack (1.6.0) lib/rack/content_length.rb:15:in `call'
  rack (1.6.0) lib/rack/handler/webrick.rb:89:in `service'
  /Users/Artem/.rvm/rubies/ruby-2.1.5/lib/ruby/2.1.0/webrick/httpserver.rb:138:in `service'
  /Users/Artem/.rvm/rubies/ruby-2.1.5/lib/ruby/2.1.0/webrick/httpserver.rb:94:in `run'
  /Users/Artem/.rvm/rubies/ruby-2.1.5/lib/ruby/2.1.0/webrick/server.rb:295:in `block in start_thread'


  Rendered /Users/Artem/.rvm/gems/ruby-2.1.5/gems/actionpack-4.2.1/lib/action_dispatch/middleware/templates/rescues/_source.erb (15.2ms)
  Rendered /Users/Artem/.rvm/gems/ruby-2.1.5/gems/actionpack-4.2.1/lib/action_dispatch/middleware/templates/rescues/_trace.html.erb (3.8ms)
  Rendered /Users/Artem/.rvm/gems/ruby-2.1.5/gems/actionpack-4.2.1/lib/action_dispatch/middleware/templates/rescues/_request_and_response.html.erb (3.2ms)
  Rendered /Users/Artem/.rvm/gems/ruby-2.1.5/gems/actionpack-4.2.1/lib/action_dispatch/middleware/templates/rescues/diagnostics.html.erb within rescues/layout (49.2ms)
  Rendered /Users/Artem/.rvm/gems/ruby-2.1.5/gems/web-console-2.1.2/lib/web_console/templates/_markup.html.erb (0.8ms)
  Rendered /Users/Artem/.rvm/gems/ruby-2.1.5/gems/web-console-2.1.2/lib/web_console/templates/style.css.erb within layouts/inlined_string (0.7ms)
  Rendered /Users/Artem/.rvm/gems/ruby-2.1.5/gems/web-console-2.1.2/lib/web_console/templates/_inner_console_markup.html.erb within layouts/inlined_string (1.3ms)
  Rendered /Users/Artem/.rvm/gems/ruby-2.1.5/gems/web-console-2.1.2/lib/web_console/templates/_prompt_box_markup.html.erb within layouts/inlined_string (0.5ms)
  Rendered /Users/Artem/.rvm/gems/ruby-2.1.5/gems/web-console-2.1.2/lib/web_console/templates/console.js.erb within layouts/javascript (39.4ms)
  Rendered /Users/Artem/.rvm/gems/ruby-2.1.5/gems/web-console-2.1.2/lib/web_console/templates/main.js.erb within layouts/javascript (0.8ms)
  Rendered /Users/Artem/.rvm/gems/ruby-2.1.5/gems/web-console-2.1.2/lib/web_console/templates/error_page.js.erb within layouts/javascript (0.7ms)
  Rendered /Users/Artem/.rvm/gems/ruby-2.1.5/gems/web-console-2.1.2/lib/web_console/templates/index.html.erb (83.7ms)


Started GET "/" for 127.0.0.1 at 2015-04-25 14:06:13 -0700
Processing by Rails::WelcomeController#index as HTML
  Rendered /Users/Artem/.rvm/gems/ruby-2.1.5/gems/railties-4.2.1/lib/rails/templates/rails/welcome/index.html.erb (2.4ms)
Completed 200 OK in 24ms (Views: 10.9ms | ActiveRecord: 0.0ms)
